2026-04-30 16:08:23 === Pipeline startar ===
2026-04-30 16:08:23 Exporterar larmdata (senaste 2h)...
2026-04-30 16:08:23 Larm exporterade: 0
2026-04-30 16:08:23 För få larm (0) — hoppar över AI-analys denna körning
2026-04-30 16:08:23 === Pipeline avslutad (otillräcklig data) ===
2026-04-30 17:00:01 === Pipeline startar ===
2026-04-30 17:00:01 === Pipeline startar ===
2026-04-30 17:00:01 Exporterar larmdata (senaste 2h)...
2026-04-30 17:00:01 Exporterar larmdata (senaste 2h)...
2026-04-30 17:00:01 Larm exporterade: 186
2026-04-30 17:00:01 Larm exporterade: 186
2026-04-30 17:00:01 Kör anomalidetektering...
2026-04-30 17:00:01 Kör anomalidetektering...
Laddar data från: /home/kristoffer/ais-2026/labb1-siem/ai-detection/pipeline_alerts.json...
Laddade: 186 händelser
Extraherade funktioner för 1 tidsperioder
============================================================
Anomalidetekteringsrapport
============================================================

Analyserad period: 2026-04-30 14:00:00+00:00 - 2026-04-30 14:00:00+00:00
Antal tidsperioder analyserade: 1

--- Isolation Forest ---
Anomalier detekterade: 0

--- Statistisk baslinje (z-score) ---
Statistiska anomalier: 0

============================================================

Resultat sparade i anomaly_detection_results.csv och anomaly_report.txt
2026-04-30 17:00:03 Genererar larm...
2026-04-30 17:00:03 Genererar larm...
2026-04-30 17:00:03,698 [INFO] Skrev 0 larm till active_alerts.json

Totalt 0 larm genererade
2026-04-30 17:00:03 Kör incidentrespons...
2026-04-30 17:00:03 Kör incidentrespons...
2026-04-30 17:00:03,815 [INFO] Behandlar larm: medium — {"event_count": 211, "avg_severity": 3.19, "unique_ips": 1, "anomaly_score": -0.008, "zscore": 2.14}
2026-04-30 17:00:03,816 [WARNING] LARM [MEDIUM]: Medium incident vid 2026-04-15 09:00:00+00:00: {'event_count': 211, 'avg_severity': 3.19, 'unique_ips': 1, 'anomaly_score': -0.008, 'zscore': 2.14}
2026-04-30 17:00:03,816 [INFO] Behandlar larm: high — {"event_count": 282, "avg_severity": 3.52, "unique_ips": 2, "anomaly_score": -0.1363, "zscore": 2.95}
2026-04-30 17:00:03,816 [WARNING] Hög anomali vid 2026-04-15 10:00:00+00:00: ingen src_ip — 282 händelser
2026-04-30 17:00:03,816 [WARNING] LARM [HIGH]: Hög incident vid 2026-04-15 10:00:00+00:00: {'event_count': 282, 'avg_severity': 3.52, 'unique_ips': 2, 'anomaly_score': -0.1363, 'zscore': 2.95}
2026-04-30 17:00:03,816 [INFO] Behandlar larm: critical — {"event_count": 960, "avg_severity": 3.74, "unique_ips": 3, "anomaly_score": -0.2183, "zscore": 10.64}
2026-04-30 17:00:03,816 [WARNING] Kritisk anomali vid 2026-04-15 13:00:00+00:00: ingen src_ip — 960 händelser, z=10.64
2026-04-30 17:00:03,816 [WARNING] ISOLERING: Agent agent@2026-04-15 13:00:00+00:00 — Kritisk anomali detekterad
2026-04-30 17:00:03,816 [WARNING] LARM [CRITICAL]: Kritisk incident vid 2026-04-15 13:00:00+00:00: {'event_count': 960, 'avg_severity': 3.74, 'unique_ips': 3, 'anomaly_score': -0.2183, 'zscore': 10.64}
2026-04-30 17:00:03,817 [INFO] Behandlar larm: high — {"event_count": 265, "avg_severity": 3.2, "unique_ips": 1, "anomaly_score": -0.0473, "zscore": 2.75}
2026-04-30 17:00:03,817 [WARNING] Hög anomali vid 2026-04-15 14:00:00+00:00: ingen src_ip — 265 händelser
2026-04-30 17:00:03,817 [WARNING] LARM [HIGH]: Hög incident vid 2026-04-15 14:00:00+00:00: {'event_count': 265, 'avg_severity': 3.2, 'unique_ips': 1, 'anomaly_score': -0.0473, 'zscore': 2.75}
Behandlar 4 larm...

Färdigt. 1 åtgärder vidtagna.
Se incident_log.json och incident_response.log för detaljer.
2026-04-30 17:00:03 === Pipeline klar ===
2026-04-30 17:00:03 === Pipeline klar ===
2026-04-30 18:00:01 === Pipeline startar ===
2026-04-30 18:00:01 === Pipeline startar ===
2026-04-30 18:00:01 Exporterar larmdata (senaste 2h)...
2026-04-30 18:00:01 Exporterar larmdata (senaste 2h)...
2026-04-30 18:00:01 Larm exporterade: 195
2026-04-30 18:00:01 Larm exporterade: 195
2026-04-30 18:00:01 Kör anomalidetektering...
2026-04-30 18:00:01 Kör anomalidetektering...
Laddar data från: /home/kristoffer/ais-2026/labb1-siem/ai-detection/pipeline_alerts.json...
Laddade: 195 händelser
Extraherade funktioner för 2 tidsperioder
============================================================
Anomalidetekteringsrapport
============================================================

Analyserad period: 2026-04-30 14:00:00+00:00 - 2026-04-30 15:00:00+00:00
Antal tidsperioder analyserade: 2

--- Isolation Forest ---
Anomalier detekterade: 0

--- Statistisk baslinje (z-score) ---
Statistiska anomalier: 0

============================================================

Resultat sparade i anomaly_detection_results.csv och anomaly_report.txt
2026-04-30 18:00:03 Genererar larm...
2026-04-30 18:00:03 Genererar larm...
2026-04-30 18:00:03,383 [INFO] Skrev 0 larm till active_alerts.json

Totalt 0 larm genererade
2026-04-30 18:00:03 Kör incidentrespons...
2026-04-30 18:00:03 Kör incidentrespons...
2026-04-30 18:00:03,482 [INFO] Behandlar larm: medium — {"event_count": 211, "avg_severity": 3.19, "unique_ips": 1, "anomaly_score": -0.008, "zscore": 2.14}
2026-04-30 18:00:03,482 [WARNING] LARM [MEDIUM]: Medium incident vid 2026-04-15 09:00:00+00:00: {'event_count': 211, 'avg_severity': 3.19, 'unique_ips': 1, 'anomaly_score': -0.008, 'zscore': 2.14}
2026-04-30 18:00:03,483 [INFO] Behandlar larm: high — {"event_count": 282, "avg_severity": 3.52, "unique_ips": 2, "anomaly_score": -0.1363, "zscore": 2.95}
2026-04-30 18:00:03,483 [WARNING] Hög anomali vid 2026-04-15 10:00:00+00:00: ingen src_ip — 282 händelser
2026-04-30 18:00:03,483 [WARNING] LARM [HIGH]: Hög incident vid 2026-04-15 10:00:00+00:00: {'event_count': 282, 'avg_severity': 3.52, 'unique_ips': 2, 'anomaly_score': -0.1363, 'zscore': 2.95}
2026-04-30 18:00:03,483 [INFO] Behandlar larm: critical — {"event_count": 960, "avg_severity": 3.74, "unique_ips": 3, "anomaly_score": -0.2183, "zscore": 10.64}
2026-04-30 18:00:03,483 [WARNING] Kritisk anomali vid 2026-04-15 13:00:00+00:00: ingen src_ip — 960 händelser, z=10.64
2026-04-30 18:00:03,483 [WARNING] ISOLERING: Agent agent@2026-04-15 13:00:00+00:00 — Kritisk anomali detekterad
2026-04-30 18:00:03,483 [WARNING] LARM [CRITICAL]: Kritisk incident vid 2026-04-15 13:00:00+00:00: {'event_count': 960, 'avg_severity': 3.74, 'unique_ips': 3, 'anomaly_score': -0.2183, 'zscore': 10.64}
2026-04-30 18:00:03,483 [INFO] Behandlar larm: high — {"event_count": 265, "avg_severity": 3.2, "unique_ips": 1, "anomaly_score": -0.0473, "zscore": 2.75}
2026-04-30 18:00:03,484 [WARNING] Hög anomali vid 2026-04-15 14:00:00+00:00: ingen src_ip — 265 händelser
2026-04-30 18:00:03,484 [WARNING] LARM [HIGH]: Hög incident vid 2026-04-15 14:00:00+00:00: {'event_count': 265, 'avg_severity': 3.2, 'unique_ips': 1, 'anomaly_score': -0.0473, 'zscore': 2.75}
Behandlar 4 larm...

Färdigt. 1 åtgärder vidtagna.
Se incident_log.json och incident_response.log för detaljer.
2026-04-30 18:00:03 === Pipeline klar ===
2026-04-30 18:00:03 === Pipeline klar ===
2026-04-30 19:00:01 === Pipeline startar ===
2026-04-30 19:00:01 === Pipeline startar ===
2026-04-30 19:00:01 Exporterar larmdata (senaste 2h)...
2026-04-30 19:00:01 Exporterar larmdata (senaste 2h)...
2026-04-30 19:00:01 Larm exporterade: 10
2026-04-30 19:00:01 Larm exporterade: 10
2026-04-30 19:00:01 Kör anomalidetektering...
2026-04-30 19:00:01 Kör anomalidetektering...
Laddar data från: /home/kristoffer/ais-2026/labb1-siem/ai-detection/pipeline_alerts.json...
Laddade: 10 händelser
Extraherade funktioner för 2 tidsperioder
============================================================
Anomalidetekteringsrapport
============================================================

Analyserad period: 2026-04-30 15:00:00+00:00 - 2026-04-30 16:00:00+00:00
Antal tidsperioder analyserade: 2

--- Isolation Forest ---
Anomalier detekterade: 0

--- Statistisk baslinje (z-score) ---
Statistiska anomalier: 0

============================================================

Resultat sparade i anomaly_detection_results.csv och anomaly_report.txt
2026-04-30 19:00:02 Genererar larm...
2026-04-30 19:00:02 Genererar larm...
2026-04-30 19:00:03,047 [INFO] Skrev 0 larm till active_alerts.json

Totalt 0 larm genererade
2026-04-30 19:00:03 Kör incidentrespons...
2026-04-30 19:00:03 Kör incidentrespons...
2026-04-30 19:00:03,148 [INFO] Behandlar larm: medium — {"event_count": 211, "avg_severity": 3.19, "unique_ips": 1, "anomaly_score": -0.008, "zscore": 2.14}
2026-04-30 19:00:03,148 [WARNING] LARM [MEDIUM]: Medium incident vid 2026-04-15 09:00:00+00:00: {'event_count': 211, 'avg_severity': 3.19, 'unique_ips': 1, 'anomaly_score': -0.008, 'zscore': 2.14}
2026-04-30 19:00:03,148 [INFO] Behandlar larm: high — {"event_count": 282, "avg_severity": 3.52, "unique_ips": 2, "anomaly_score": -0.1363, "zscore": 2.95}
2026-04-30 19:00:03,148 [WARNING] Hög anomali vid 2026-04-15 10:00:00+00:00: ingen src_ip — 282 händelser
2026-04-30 19:00:03,148 [WARNING] LARM [HIGH]: Hög incident vid 2026-04-15 10:00:00+00:00: {'event_count': 282, 'avg_severity': 3.52, 'unique_ips': 2, 'anomaly_score': -0.1363, 'zscore': 2.95}
2026-04-30 19:00:03,149 [INFO] Behandlar larm: critical — {"event_count": 960, "avg_severity": 3.74, "unique_ips": 3, "anomaly_score": -0.2183, "zscore": 10.64}
2026-04-30 19:00:03,149 [WARNING] Kritisk anomali vid 2026-04-15 13:00:00+00:00: ingen src_ip — 960 händelser, z=10.64
2026-04-30 19:00:03,149 [WARNING] ISOLERING: Agent agent@2026-04-15 13:00:00+00:00 — Kritisk anomali detekterad
2026-04-30 19:00:03,149 [WARNING] LARM [CRITICAL]: Kritisk incident vid 2026-04-15 13:00:00+00:00: {'event_count': 960, 'avg_severity': 3.74, 'unique_ips': 3, 'anomaly_score': -0.2183, 'zscore': 10.64}
2026-04-30 19:00:03,149 [INFO] Behandlar larm: high — {"event_count": 265, "avg_severity": 3.2, "unique_ips": 1, "anomaly_score": -0.0473, "zscore": 2.75}
2026-04-30 19:00:03,149 [WARNING] Hög anomali vid 2026-04-15 14:00:00+00:00: ingen src_ip — 265 händelser
2026-04-30 19:00:03,149 [WARNING] LARM [HIGH]: Hög incident vid 2026-04-15 14:00:00+00:00: {'event_count': 265, 'avg_severity': 3.2, 'unique_ips': 1, 'anomaly_score': -0.0473, 'zscore': 2.75}
Behandlar 4 larm...

Färdigt. 1 åtgärder vidtagna.
Se incident_log.json och incident_response.log för detaljer.
2026-04-30 19:00:03 === Pipeline klar ===
2026-04-30 19:00:03 === Pipeline klar ===
2026-04-30 20:00:01 === Pipeline startar ===
2026-04-30 20:00:01 === Pipeline startar ===
2026-04-30 20:00:01 Exporterar larmdata (senaste 2h)...
2026-04-30 20:00:01 Exporterar larmdata (senaste 2h)...
2026-04-30 20:00:01 Larm exporterade: 1
2026-04-30 20:00:01 Larm exporterade: 1
2026-04-30 20:00:01 För få larm (1) — hoppar över AI-analys denna körning
2026-04-30 20:00:01 För få larm (1) — hoppar över AI-analys denna körning
2026-04-30 20:00:01 === Pipeline avslutad (otillräcklig data) ===
2026-04-30 20:00:01 === Pipeline avslutad (otillräcklig data) ===
2026-04-30 21:00:01 === Pipeline startar ===
2026-04-30 21:00:01 === Pipeline startar ===
2026-04-30 21:00:01 Exporterar larmdata (senaste 2h)...
2026-04-30 21:00:01 Exporterar larmdata (senaste 2h)...
2026-04-30 21:00:01 Larm exporterade: 0
2026-04-30 21:00:01 Larm exporterade: 0
2026-04-30 21:00:01 För få larm (0) — hoppar över AI-analys denna körning
2026-04-30 21:00:01 För få larm (0) — hoppar över AI-analys denna körning
2026-04-30 21:00:01 === Pipeline avslutad (otillräcklig data) ===
2026-04-30 21:00:01 === Pipeline avslutad (otillräcklig data) ===
2026-04-30 22:00:01 === Pipeline startar ===
2026-04-30 22:00:01 === Pipeline startar ===
2026-04-30 22:00:01 Exporterar larmdata (senaste 2h)...
2026-04-30 22:00:01 Exporterar larmdata (senaste 2h)...
2026-04-30 22:00:01 Larm exporterade: 1
2026-04-30 22:00:01 Larm exporterade: 1
2026-04-30 22:00:01 För få larm (1) — hoppar över AI-analys denna körning
2026-04-30 22:00:01 För få larm (1) — hoppar över AI-analys denna körning
2026-04-30 22:00:01 === Pipeline avslutad (otillräcklig data) ===
2026-04-30 22:00:01 === Pipeline avslutad (otillräcklig data) ===
2026-04-30 23:00:01 === Pipeline startar ===
2026-04-30 23:00:01 === Pipeline startar ===
2026-04-30 23:00:01 Exporterar larmdata (senaste 2h)...
2026-04-30 23:00:01 Exporterar larmdata (senaste 2h)...
2026-04-30 23:00:01 Larm exporterade: 1
2026-04-30 23:00:01 Larm exporterade: 1
2026-04-30 23:00:01 För få larm (1) — hoppar över AI-analys denna körning
2026-04-30 23:00:01 För få larm (1) — hoppar över AI-analys denna körning
2026-04-30 23:00:01 === Pipeline avslutad (otillräcklig data) ===
2026-04-30 23:00:01 === Pipeline avslutad (otillräcklig data) ===
2026-05-01 00:00:01 === Pipeline startar ===
2026-05-01 00:00:01 === Pipeline startar ===
2026-05-01 00:00:01 Exporterar larmdata (senaste 2h)...
2026-05-01 00:00:01 Exporterar larmdata (senaste 2h)...
2026-05-01 00:00:01 Larm exporterade: 3
2026-05-01 00:00:01 Larm exporterade: 3
2026-05-01 00:00:01 För få larm (3) — hoppar över AI-analys denna körning
2026-05-01 00:00:01 För få larm (3) — hoppar över AI-analys denna körning
2026-05-01 00:00:01 === Pipeline avslutad (otillräcklig data) ===
2026-05-01 00:00:01 === Pipeline avslutad (otillräcklig data) ===
2026-05-01 01:00:01 === Pipeline startar ===
2026-05-01 01:00:01 === Pipeline startar ===
2026-05-01 01:00:01 Exporterar larmdata (senaste 2h)...
2026-05-01 01:00:01 Exporterar larmdata (senaste 2h)...
2026-05-01 01:00:01 Larm exporterade: 5
2026-05-01 01:00:01 Larm exporterade: 5
2026-05-01 01:00:01 Kör anomalidetektering...
2026-05-01 01:00:01 Kör anomalidetektering...
Laddar data från: /home/kristoffer/ais-2026/labb1-siem/ai-detection/pipeline_alerts.json...
Laddade: 5 händelser
Extraherade funktioner för 2 tidsperioder
============================================================
Anomalidetekteringsrapport
============================================================

Analyserad period: 2026-04-30 21:00:00+00:00 - 2026-04-30 22:00:00+00:00
Antal tidsperioder analyserade: 2

--- Isolation Forest ---
Anomalier detekterade: 0

--- Statistisk baslinje (z-score) ---
Statistiska anomalier: 0

============================================================

Resultat sparade i anomaly_detection_results.csv och anomaly_report.txt
2026-05-01 01:00:03 Genererar larm...
2026-05-01 01:00:03 Genererar larm...
2026-05-01 01:00:03,372 [INFO] Skrev 0 larm till active_alerts.json

Totalt 0 larm genererade
2026-05-01 01:00:03 Kör incidentrespons...
2026-05-01 01:00:03 Kör incidentrespons...
2026-05-01 01:00:03,469 [INFO] Behandlar larm: medium — {"event_count": 211, "avg_severity": 3.19, "unique_ips": 1, "anomaly_score": -0.008, "zscore": 2.14}
2026-05-01 01:00:03,469 [WARNING] LARM [MEDIUM]: Medium incident vid 2026-04-15 09:00:00+00:00: {'event_count': 211, 'avg_severity': 3.19, 'unique_ips': 1, 'anomaly_score': -0.008, 'zscore': 2.14}
2026-05-01 01:00:03,470 [INFO] Behandlar larm: high — {"event_count": 282, "avg_severity": 3.52, "unique_ips": 2, "anomaly_score": -0.1363, "zscore": 2.95}
2026-05-01 01:00:03,470 [WARNING] Hög anomali vid 2026-04-15 10:00:00+00:00: ingen src_ip — 282 händelser
2026-05-01 01:00:03,470 [WARNING] LARM [HIGH]: Hög incident vid 2026-04-15 10:00:00+00:00: {'event_count': 282, 'avg_severity': 3.52, 'unique_ips': 2, 'anomaly_score': -0.1363, 'zscore': 2.95}
2026-05-01 01:00:03,470 [INFO] Behandlar larm: critical — {"event_count": 960, "avg_severity": 3.74, "unique_ips": 3, "anomaly_score": -0.2183, "zscore": 10.64}
2026-05-01 01:00:03,470 [WARNING] Kritisk anomali vid 2026-04-15 13:00:00+00:00: ingen src_ip — 960 händelser, z=10.64
2026-05-01 01:00:03,470 [WARNING] ISOLERING: Agent agent@2026-04-15 13:00:00+00:00 — Kritisk anomali detekterad
2026-05-01 01:00:03,470 [WARNING] LARM [CRITICAL]: Kritisk incident vid 2026-04-15 13:00:00+00:00: {'event_count': 960, 'avg_severity': 3.74, 'unique_ips': 3, 'anomaly_score': -0.2183, 'zscore': 10.64}
2026-05-01 01:00:03,470 [INFO] Behandlar larm: high — {"event_count": 265, "avg_severity": 3.2, "unique_ips": 1, "anomaly_score": -0.0473, "zscore": 2.75}
2026-05-01 01:00:03,471 [WARNING] Hög anomali vid 2026-04-15 14:00:00+00:00: ingen src_ip — 265 händelser
2026-05-01 01:00:03,471 [WARNING] LARM [HIGH]: Hög incident vid 2026-04-15 14:00:00+00:00: {'event_count': 265, 'avg_severity': 3.2, 'unique_ips': 1, 'anomaly_score': -0.0473, 'zscore': 2.75}
Behandlar 4 larm...

Färdigt. 1 åtgärder vidtagna.
Se incident_log.json och incident_response.log för detaljer.
2026-05-01 01:00:03 === Pipeline klar ===
2026-05-01 01:00:03 === Pipeline klar ===
2026-05-01 02:00:01 === Pipeline startar ===
2026-05-01 02:00:01 === Pipeline startar ===
2026-05-01 02:00:01 Exporterar larmdata (senaste 2h)...
2026-05-01 02:00:01 Exporterar larmdata (senaste 2h)...
2026-05-01 02:00:01 Larm exporterade: 2
2026-05-01 02:00:01 Larm exporterade: 2
2026-05-01 02:00:01 För få larm (2) — hoppar över AI-analys denna körning
2026-05-01 02:00:01 För få larm (2) — hoppar över AI-analys denna körning
2026-05-01 02:00:01 === Pipeline avslutad (otillräcklig data) ===
2026-05-01 02:00:01 === Pipeline avslutad (otillräcklig data) ===
2026-05-01 03:00:01 === Pipeline startar ===
2026-05-01 03:00:01 === Pipeline startar ===
2026-05-01 03:00:01 Exporterar larmdata (senaste 2h)...
2026-05-01 03:00:01 Exporterar larmdata (senaste 2h)...
2026-05-01 03:00:01 Larm exporterade: 0
2026-05-01 03:00:01 Larm exporterade: 0
2026-05-01 03:00:01 För få larm (0) — hoppar över AI-analys denna körning
2026-05-01 03:00:01 För få larm (0) — hoppar över AI-analys denna körning
2026-05-01 03:00:01 === Pipeline avslutad (otillräcklig data) ===
2026-05-01 03:00:01 === Pipeline avslutad (otillräcklig data) ===
2026-05-01 04:00:01 === Pipeline startar ===
2026-05-01 04:00:01 === Pipeline startar ===
2026-05-01 04:00:01 Exporterar larmdata (senaste 2h)...
2026-05-01 04:00:01 Exporterar larmdata (senaste 2h)...
2026-05-01 04:00:01 Larm exporterade: 1
2026-05-01 04:00:01 Larm exporterade: 1
2026-05-01 04:00:01 För få larm (1) — hoppar över AI-analys denna körning
2026-05-01 04:00:01 För få larm (1) — hoppar över AI-analys denna körning
2026-05-01 04:00:01 === Pipeline avslutad (otillräcklig data) ===
2026-05-01 04:00:01 === Pipeline avslutad (otillräcklig data) ===
2026-05-01 05:00:01 === Pipeline startar ===
2026-05-01 05:00:01 === Pipeline startar ===
2026-05-01 05:00:01 Exporterar larmdata (senaste 2h)...
2026-05-01 05:00:01 Exporterar larmdata (senaste 2h)...
2026-05-01 05:00:02 Larm exporterade: 1
2026-05-01 05:00:02 Larm exporterade: 1
2026-05-01 05:00:02 För få larm (1) — hoppar över AI-analys denna körning
2026-05-01 05:00:02 För få larm (1) — hoppar över AI-analys denna körning
2026-05-01 05:00:02 === Pipeline avslutad (otillräcklig data) ===
2026-05-01 05:00:02 === Pipeline avslutad (otillräcklig data) ===
2026-05-01 06:00:01 === Pipeline startar ===
2026-05-01 06:00:01 === Pipeline startar ===
2026-05-01 06:00:01 Exporterar larmdata (senaste 2h)...
2026-05-01 06:00:01 Exporterar larmdata (senaste 2h)...
2026-05-01 06:00:01 Larm exporterade: 9
2026-05-01 06:00:01 Larm exporterade: 9
2026-05-01 06:00:01 Kör anomalidetektering...
2026-05-01 06:00:01 Kör anomalidetektering...
Laddar data från: /home/kristoffer/ais-2026/labb1-siem/ai-detection/pipeline_alerts.json...
Laddade: 9 händelser
Extraherade funktioner för 1 tidsperioder
============================================================
Anomalidetekteringsrapport
============================================================

Analyserad period: 2026-05-01 03:00:00+00:00 - 2026-05-01 03:00:00+00:00
Antal tidsperioder analyserade: 1

--- Isolation Forest ---
Anomalier detekterade: 0

--- Statistisk baslinje (z-score) ---
Statistiska anomalier: 0

============================================================

Resultat sparade i anomaly_detection_results.csv och anomaly_report.txt
2026-05-01 06:00:02 Genererar larm...
2026-05-01 06:00:02 Genererar larm...
2026-05-01 06:00:02,449 [INFO] Skrev 0 larm till active_alerts.json

Totalt 0 larm genererade
2026-05-01 06:00:02 Kör incidentrespons...
2026-05-01 06:00:02 Kör incidentrespons...
2026-05-01 06:00:02,549 [INFO] Behandlar larm: medium — {"event_count": 211, "avg_severity": 3.19, "unique_ips": 1, "anomaly_score": -0.008, "zscore": 2.14}
2026-05-01 06:00:02,549 [WARNING] LARM [MEDIUM]: Medium incident vid 2026-04-15 09:00:00+00:00: {'event_count': 211, 'avg_severity': 3.19, 'unique_ips': 1, 'anomaly_score': -0.008, 'zscore': 2.14}
2026-05-01 06:00:02,549 [INFO] Behandlar larm: high — {"event_count": 282, "avg_severity": 3.52, "unique_ips": 2, "anomaly_score": -0.1363, "zscore": 2.95}
2026-05-01 06:00:02,549 [WARNING] Hög anomali vid 2026-04-15 10:00:00+00:00: ingen src_ip — 282 händelser
2026-05-01 06:00:02,549 [WARNING] LARM [HIGH]: Hög incident vid 2026-04-15 10:00:00+00:00: {'event_count': 282, 'avg_severity': 3.52, 'unique_ips': 2, 'anomaly_score': -0.1363, 'zscore': 2.95}
2026-05-01 06:00:02,549 [INFO] Behandlar larm: critical — {"event_count": 960, "avg_severity": 3.74, "unique_ips": 3, "anomaly_score": -0.2183, "zscore": 10.64}
2026-05-01 06:00:02,549 [WARNING] Kritisk anomali vid 2026-04-15 13:00:00+00:00: ingen src_ip — 960 händelser, z=10.64
2026-05-01 06:00:02,550 [WARNING] ISOLERING: Agent agent@2026-04-15 13:00:00+00:00 — Kritisk anomali detekterad
2026-05-01 06:00:02,550 [WARNING] LARM [CRITICAL]: Kritisk incident vid 2026-04-15 13:00:00+00:00: {'event_count': 960, 'avg_severity': 3.74, 'unique_ips': 3, 'anomaly_score': -0.2183, 'zscore': 10.64}
2026-05-01 06:00:02,550 [INFO] Behandlar larm: high — {"event_count": 265, "avg_severity": 3.2, "unique_ips": 1, "anomaly_score": -0.0473, "zscore": 2.75}
2026-05-01 06:00:02,550 [WARNING] Hög anomali vid 2026-04-15 14:00:00+00:00: ingen src_ip — 265 händelser
2026-05-01 06:00:02,550 [WARNING] LARM [HIGH]: Hög incident vid 2026-04-15 14:00:00+00:00: {'event_count': 265, 'avg_severity': 3.2, 'unique_ips': 1, 'anomaly_score': -0.0473, 'zscore': 2.75}
Behandlar 4 larm...

Färdigt. 1 åtgärder vidtagna.
Se incident_log.json och incident_response.log för detaljer.
2026-05-01 06:00:02 === Pipeline klar ===
2026-05-01 06:00:02 === Pipeline klar ===
2026-05-01 07:00:01 === Pipeline startar ===
2026-05-01 07:00:01 === Pipeline startar ===
2026-05-01 07:00:01 Exporterar larmdata (senaste 2h)...
2026-05-01 07:00:01 Exporterar larmdata (senaste 2h)...
2026-05-01 07:00:01 Larm exporterade: 36
2026-05-01 07:00:01 Larm exporterade: 36
2026-05-01 07:00:01 Kör anomalidetektering...
2026-05-01 07:00:01 Kör anomalidetektering...
Laddar data från: /home/kristoffer/ais-2026/labb1-siem/ai-detection/pipeline_alerts.json...
Laddade: 36 händelser
Extraherade funktioner för 2 tidsperioder
============================================================
Anomalidetekteringsrapport
============================================================

Analyserad period: 2026-05-01 03:00:00+00:00 - 2026-05-01 04:00:00+00:00
Antal tidsperioder analyserade: 2

--- Isolation Forest ---
Anomalier detekterade: 0

--- Statistisk baslinje (z-score) ---
Statistiska anomalier: 0

============================================================

Resultat sparade i anomaly_detection_results.csv och anomaly_report.txt
2026-05-01 07:00:02 Genererar larm...
2026-05-01 07:00:02 Genererar larm...
2026-05-01 07:00:03,095 [INFO] Skrev 0 larm till active_alerts.json

Totalt 0 larm genererade
2026-05-01 07:00:03 Kör incidentrespons...
2026-05-01 07:00:03 Kör incidentrespons...
2026-05-01 07:00:03,193 [INFO] Behandlar larm: medium — {"event_count": 211, "avg_severity": 3.19, "unique_ips": 1, "anomaly_score": -0.008, "zscore": 2.14}
2026-05-01 07:00:03,193 [WARNING] LARM [MEDIUM]: Medium incident vid 2026-04-15 09:00:00+00:00: {'event_count': 211, 'avg_severity': 3.19, 'unique_ips': 1, 'anomaly_score': -0.008, 'zscore': 2.14}
2026-05-01 07:00:03,193 [INFO] Behandlar larm: high — {"event_count": 282, "avg_severity": 3.52, "unique_ips": 2, "anomaly_score": -0.1363, "zscore": 2.95}
2026-05-01 07:00:03,193 [WARNING] Hög anomali vid 2026-04-15 10:00:00+00:00: ingen src_ip — 282 händelser
2026-05-01 07:00:03,193 [WARNING] LARM [HIGH]: Hög incident vid 2026-04-15 10:00:00+00:00: {'event_count': 282, 'avg_severity': 3.52, 'unique_ips': 2, 'anomaly_score': -0.1363, 'zscore': 2.95}
2026-05-01 07:00:03,194 [INFO] Behandlar larm: critical — {"event_count": 960, "avg_severity": 3.74, "unique_ips": 3, "anomaly_score": -0.2183, "zscore": 10.64}
2026-05-01 07:00:03,194 [WARNING] Kritisk anomali vid 2026-04-15 13:00:00+00:00: ingen src_ip — 960 händelser, z=10.64
2026-05-01 07:00:03,194 [WARNING] ISOLERING: Agent agent@2026-04-15 13:00:00+00:00 — Kritisk anomali detekterad
2026-05-01 07:00:03,194 [WARNING] LARM [CRITICAL]: Kritisk incident vid 2026-04-15 13:00:00+00:00: {'event_count': 960, 'avg_severity': 3.74, 'unique_ips': 3, 'anomaly_score': -0.2183, 'zscore': 10.64}
2026-05-01 07:00:03,194 [INFO] Behandlar larm: high — {"event_count": 265, "avg_severity": 3.2, "unique_ips": 1, "anomaly_score": -0.0473, "zscore": 2.75}
2026-05-01 07:00:03,194 [WARNING] Hög anomali vid 2026-04-15 14:00:00+00:00: ingen src_ip — 265 händelser
2026-05-01 07:00:03,194 [WARNING] LARM [HIGH]: Hög incident vid 2026-04-15 14:00:00+00:00: {'event_count': 265, 'avg_severity': 3.2, 'unique_ips': 1, 'anomaly_score': -0.0473, 'zscore': 2.75}
Behandlar 4 larm...

Färdigt. 1 åtgärder vidtagna.
Se incident_log.json och incident_response.log för detaljer.
2026-05-01 07:00:03 === Pipeline klar ===
2026-05-01 07:00:03 === Pipeline klar ===
2026-05-01 08:00:01 === Pipeline startar ===
2026-05-01 08:00:01 === Pipeline startar ===
2026-05-01 08:00:01 Exporterar larmdata (senaste 2h)...
2026-05-01 08:00:01 Exporterar larmdata (senaste 2h)...
2026-05-01 08:00:01 Larm exporterade: 27
2026-05-01 08:00:01 Larm exporterade: 27
2026-05-01 08:00:01 Kör anomalidetektering...
2026-05-01 08:00:01 Kör anomalidetektering...
Laddar data från: /home/kristoffer/ais-2026/labb1-siem/ai-detection/pipeline_alerts.json...
Laddade: 27 händelser
Extraherade funktioner för 1 tidsperioder
============================================================
Anomalidetekteringsrapport
============================================================

Analyserad period: 2026-05-01 04:00:00+00:00 - 2026-05-01 04:00:00+00:00
Antal tidsperioder analyserade: 1

--- Isolation Forest ---
Anomalier detekterade: 0

--- Statistisk baslinje (z-score) ---
Statistiska anomalier: 0

============================================================

Resultat sparade i anomaly_detection_results.csv och anomaly_report.txt
2026-05-01 08:00:02 Genererar larm...
2026-05-01 08:00:02 Genererar larm...
2026-05-01 08:00:02,629 [INFO] Skrev 0 larm till active_alerts.json

Totalt 0 larm genererade
2026-05-01 08:00:02 Kör incidentrespons...
2026-05-01 08:00:02 Kör incidentrespons...
2026-05-01 08:00:02,728 [INFO] Behandlar larm: medium — {"event_count": 211, "avg_severity": 3.19, "unique_ips": 1, "anomaly_score": -0.008, "zscore": 2.14}
2026-05-01 08:00:02,728 [WARNING] LARM [MEDIUM]: Medium incident vid 2026-04-15 09:00:00+00:00: {'event_count': 211, 'avg_severity': 3.19, 'unique_ips': 1, 'anomaly_score': -0.008, 'zscore': 2.14}
2026-05-01 08:00:02,728 [INFO] Behandlar larm: high — {"event_count": 282, "avg_severity": 3.52, "unique_ips": 2, "anomaly_score": -0.1363, "zscore": 2.95}
2026-05-01 08:00:02,728 [WARNING] Hög anomali vid 2026-04-15 10:00:00+00:00: ingen src_ip — 282 händelser
2026-05-01 08:00:02,728 [WARNING] LARM [HIGH]: Hög incident vid 2026-04-15 10:00:00+00:00: {'event_count': 282, 'avg_severity': 3.52, 'unique_ips': 2, 'anomaly_score': -0.1363, 'zscore': 2.95}
2026-05-01 08:00:02,729 [INFO] Behandlar larm: critical — {"event_count": 960, "avg_severity": 3.74, "unique_ips": 3, "anomaly_score": -0.2183, "zscore": 10.64}
2026-05-01 08:00:02,729 [WARNING] Kritisk anomali vid 2026-04-15 13:00:00+00:00: ingen src_ip — 960 händelser, z=10.64
2026-05-01 08:00:02,729 [WARNING] ISOLERING: Agent agent@2026-04-15 13:00:00+00:00 — Kritisk anomali detekterad
2026-05-01 08:00:02,729 [WARNING] LARM [CRITICAL]: Kritisk incident vid 2026-04-15 13:00:00+00:00: {'event_count': 960, 'avg_severity': 3.74, 'unique_ips': 3, 'anomaly_score': -0.2183, 'zscore': 10.64}
2026-05-01 08:00:02,729 [INFO] Behandlar larm: high — {"event_count": 265, "avg_severity": 3.2, "unique_ips": 1, "anomaly_score": -0.0473, "zscore": 2.75}
2026-05-01 08:00:02,729 [WARNING] Hög anomali vid 2026-04-15 14:00:00+00:00: ingen src_ip — 265 händelser
2026-05-01 08:00:02,729 [WARNING] LARM [HIGH]: Hög incident vid 2026-04-15 14:00:00+00:00: {'event_count': 265, 'avg_severity': 3.2, 'unique_ips': 1, 'anomaly_score': -0.0473, 'zscore': 2.75}
Behandlar 4 larm...

Färdigt. 1 åtgärder vidtagna.
Se incident_log.json och incident_response.log för detaljer.
2026-05-01 08:00:02 === Pipeline klar ===
2026-05-01 08:00:02 === Pipeline klar ===
2026-05-01 09:00:01 === Pipeline startar ===
2026-05-01 09:00:01 === Pipeline startar ===
2026-05-01 09:00:01 Exporterar larmdata (senaste 2h)...
2026-05-01 09:00:01 Exporterar larmdata (senaste 2h)...
2026-05-01 09:00:01 Larm exporterade: 0
2026-05-01 09:00:01 Larm exporterade: 0
2026-05-01 09:00:01 För få larm (0) — hoppar över AI-analys denna körning
2026-05-01 09:00:01 För få larm (0) — hoppar över AI-analys denna körning
2026-05-01 09:00:01 === Pipeline avslutad (otillräcklig data) ===
2026-05-01 09:00:01 === Pipeline avslutad (otillräcklig data) ===
2026-05-01 10:00:01 === Pipeline startar ===
2026-05-01 10:00:01 === Pipeline startar ===
2026-05-01 10:00:01 Exporterar larmdata (senaste 2h)...
2026-05-01 10:00:01 Exporterar larmdata (senaste 2h)...
2026-05-01 10:00:02 Larm exporterade: 1
2026-05-01 10:00:02 Larm exporterade: 1
2026-05-01 10:00:02 För få larm (1) — hoppar över AI-analys denna körning
2026-05-01 10:00:02 För få larm (1) — hoppar över AI-analys denna körning
2026-05-01 10:00:02 === Pipeline avslutad (otillräcklig data) ===
2026-05-01 10:00:02 === Pipeline avslutad (otillräcklig data) ===
2026-05-01 11:00:01 === Pipeline startar ===
2026-05-01 11:00:01 === Pipeline startar ===
2026-05-01 11:00:01 Exporterar larmdata (senaste 2h)...
2026-05-01 11:00:01 Exporterar larmdata (senaste 2h)...
2026-05-01 11:00:01 Larm exporterade: 1
2026-05-01 11:00:01 Larm exporterade: 1
2026-05-01 11:00:01 För få larm (1) — hoppar över AI-analys denna körning
2026-05-01 11:00:01 För få larm (1) — hoppar över AI-analys denna körning
2026-05-01 11:00:01 === Pipeline avslutad (otillräcklig data) ===
2026-05-01 11:00:01 === Pipeline avslutad (otillräcklig data) ===
2026-05-01 12:00:01 === Pipeline startar ===
2026-05-01 12:00:01 === Pipeline startar ===
2026-05-01 12:00:01 Exporterar larmdata (senaste 2h)...
2026-05-01 12:00:01 Exporterar larmdata (senaste 2h)...
2026-05-01 12:00:01 Larm exporterade: 0
2026-05-01 12:00:01 Larm exporterade: 0
2026-05-01 12:00:01 För få larm (0) — hoppar över AI-analys denna körning
2026-05-01 12:00:01 För få larm (0) — hoppar över AI-analys denna körning
2026-05-01 12:00:01 === Pipeline avslutad (otillräcklig data) ===
2026-05-01 12:00:01 === Pipeline avslutad (otillräcklig data) ===
2026-05-01 13:00:01 === Pipeline startar ===
2026-05-01 13:00:01 === Pipeline startar ===
2026-05-01 13:00:01 Exporterar larmdata (senaste 2h)...
2026-05-01 13:00:01 Exporterar larmdata (senaste 2h)...
2026-05-01 13:00:01 Larm exporterade: 1
2026-05-01 13:00:01 Larm exporterade: 1
2026-05-01 13:00:01 För få larm (1) — hoppar över AI-analys denna körning
2026-05-01 13:00:01 För få larm (1) — hoppar över AI-analys denna körning
2026-05-01 13:00:01 === Pipeline avslutad (otillräcklig data) ===
2026-05-01 13:00:01 === Pipeline avslutad (otillräcklig data) ===
2026-05-01 14:00:01 === Pipeline startar ===
2026-05-01 14:00:01 === Pipeline startar ===
2026-05-01 14:00:01 Exporterar larmdata (senaste 2h)...
2026-05-01 14:00:01 Exporterar larmdata (senaste 2h)...
2026-05-01 14:00:01 Larm exporterade: 1
2026-05-01 14:00:01 Larm exporterade: 1
2026-05-01 14:00:01 För få larm (1) — hoppar över AI-analys denna körning
2026-05-01 14:00:01 För få larm (1) — hoppar över AI-analys denna körning
2026-05-01 14:00:01 === Pipeline avslutad (otillräcklig data) ===
2026-05-01 14:00:01 === Pipeline avslutad (otillräcklig data) ===
2026-05-01 15:00:01 === Pipeline startar ===
2026-05-01 15:00:01 === Pipeline startar ===
2026-05-01 15:00:01 Exporterar larmdata (senaste 2h)...
2026-05-01 15:00:01 Exporterar larmdata (senaste 2h)...
2026-05-01 15:00:01 Larm exporterade: 0
2026-05-01 15:00:01 Larm exporterade: 0
2026-05-01 15:00:01 För få larm (0) — hoppar över AI-analys denna körning
2026-05-01 15:00:01 För få larm (0) — hoppar över AI-analys denna körning
2026-05-01 15:00:01 === Pipeline avslutad (otillräcklig data) ===
2026-05-01 15:00:01 === Pipeline avslutad (otillräcklig data) ===
2026-05-01 16:00:01 === Pipeline startar ===
2026-05-01 16:00:01 === Pipeline startar ===
2026-05-01 16:00:01 Exporterar larmdata (senaste 2h)...
2026-05-01 16:00:01 Exporterar larmdata (senaste 2h)...
2026-05-01 16:00:01 Larm exporterade: 4
2026-05-01 16:00:01 Larm exporterade: 4
2026-05-01 16:00:01 För få larm (4) — hoppar över AI-analys denna körning
2026-05-01 16:00:01 För få larm (4) — hoppar över AI-analys denna körning
2026-05-01 16:00:01 === Pipeline avslutad (otillräcklig data) ===
2026-05-01 16:00:01 === Pipeline avslutad (otillräcklig data) ===
2026-05-01 17:00:01 === Pipeline startar ===
2026-05-01 17:00:01 === Pipeline startar ===
2026-05-01 17:00:01 Exporterar larmdata (senaste 2h)...
2026-05-01 17:00:01 Exporterar larmdata (senaste 2h)...
2026-05-01 17:00:01 Larm exporterade: 4
2026-05-01 17:00:01 Larm exporterade: 4
2026-05-01 17:00:01 För få larm (4) — hoppar över AI-analys denna körning
2026-05-01 17:00:01 För få larm (4) — hoppar över AI-analys denna körning
2026-05-01 17:00:01 === Pipeline avslutad (otillräcklig data) ===
2026-05-01 17:00:01 === Pipeline avslutad (otillräcklig data) ===
2026-05-01 18:00:01 === Pipeline startar ===
2026-05-01 18:00:01 === Pipeline startar ===
2026-05-01 18:00:01 Exporterar larmdata (senaste 2h)...
2026-05-01 18:00:01 Exporterar larmdata (senaste 2h)...
2026-05-01 18:00:01 Larm exporterade: 24
2026-05-01 18:00:01 Larm exporterade: 24
2026-05-01 18:00:01 Kör anomalidetektering...
2026-05-01 18:00:01 Kör anomalidetektering...
Laddar data från: /home/kristoffer/ais-2026/labb1-siem/ai-detection/pipeline_alerts.json...
Laddade: 24 händelser
Extraherade funktioner för 1 tidsperioder
============================================================
Anomalidetekteringsrapport
============================================================

Analyserad period: 2026-05-01 15:00:00+00:00 - 2026-05-01 15:00:00+00:00
Antal tidsperioder analyserade: 1

--- Isolation Forest ---
Anomalier detekterade: 0

--- Statistisk baslinje (z-score) ---
Statistiska anomalier: 0

============================================================

Resultat sparade i anomaly_detection_results.csv och anomaly_report.txt
2026-05-01 18:00:02 Genererar larm...
2026-05-01 18:00:02 Genererar larm...
2026-05-01 18:00:02,434 [INFO] Skrev 0 larm till active_alerts.json

Totalt 0 larm genererade
2026-05-01 18:00:02 Kör incidentrespons...
2026-05-01 18:00:02 Kör incidentrespons...
2026-05-01 18:00:02,530 [INFO] Behandlar larm: medium — {"event_count": 211, "avg_severity": 3.19, "unique_ips": 1, "anomaly_score": -0.008, "zscore": 2.14}
2026-05-01 18:00:02,530 [WARNING] LARM [MEDIUM]: Medium incident vid 2026-04-15 09:00:00+00:00: {'event_count': 211, 'avg_severity': 3.19, 'unique_ips': 1, 'anomaly_score': -0.008, 'zscore': 2.14}
2026-05-01 18:00:02,530 [INFO] Behandlar larm: high — {"event_count": 282, "avg_severity": 3.52, "unique_ips": 2, "anomaly_score": -0.1363, "zscore": 2.95}
2026-05-01 18:00:02,531 [WARNING] Hög anomali vid 2026-04-15 10:00:00+00:00: ingen src_ip — 282 händelser
2026-05-01 18:00:02,531 [WARNING] LARM [HIGH]: Hög incident vid 2026-04-15 10:00:00+00:00: {'event_count': 282, 'avg_severity': 3.52, 'unique_ips': 2, 'anomaly_score': -0.1363, 'zscore': 2.95}
2026-05-01 18:00:02,531 [INFO] Behandlar larm: critical — {"event_count": 960, "avg_severity": 3.74, "unique_ips": 3, "anomaly_score": -0.2183, "zscore": 10.64}
2026-05-01 18:00:02,531 [WARNING] Kritisk anomali vid 2026-04-15 13:00:00+00:00: ingen src_ip — 960 händelser, z=10.64
2026-05-01 18:00:02,531 [WARNING] ISOLERING: Agent agent@2026-04-15 13:00:00+00:00 — Kritisk anomali detekterad
2026-05-01 18:00:02,531 [WARNING] LARM [CRITICAL]: Kritisk incident vid 2026-04-15 13:00:00+00:00: {'event_count': 960, 'avg_severity': 3.74, 'unique_ips': 3, 'anomaly_score': -0.2183, 'zscore': 10.64}
2026-05-01 18:00:02,531 [INFO] Behandlar larm: high — {"event_count": 265, "avg_severity": 3.2, "unique_ips": 1, "anomaly_score": -0.0473, "zscore": 2.75}
2026-05-01 18:00:02,531 [WARNING] Hög anomali vid 2026-04-15 14:00:00+00:00: ingen src_ip — 265 händelser
2026-05-01 18:00:02,532 [WARNING] LARM [HIGH]: Hög incident vid 2026-04-15 14:00:00+00:00: {'event_count': 265, 'avg_severity': 3.2, 'unique_ips': 1, 'anomaly_score': -0.0473, 'zscore': 2.75}
Behandlar 4 larm...

Färdigt. 1 åtgärder vidtagna.
Se incident_log.json och incident_response.log för detaljer.
2026-05-01 18:00:02 === Pipeline klar ===
2026-05-01 18:00:02 === Pipeline klar ===
2026-05-01 19:00:01 === Pipeline startar ===
2026-05-01 19:00:01 === Pipeline startar ===
2026-05-01 19:00:01 Exporterar larmdata (senaste 2h)...
2026-05-01 19:00:01 Exporterar larmdata (senaste 2h)...
2026-05-01 19:00:01 Larm exporterade: 25
2026-05-01 19:00:01 Larm exporterade: 25
2026-05-01 19:00:01 Kör anomalidetektering...
2026-05-01 19:00:01 Kör anomalidetektering...
Laddar data från: /home/kristoffer/ais-2026/labb1-siem/ai-detection/pipeline_alerts.json...
Laddade: 25 händelser
Extraherade funktioner för 2 tidsperioder
============================================================
Anomalidetekteringsrapport
============================================================

Analyserad period: 2026-05-01 15:00:00+00:00 - 2026-05-01 16:00:00+00:00
Antal tidsperioder analyserade: 2

--- Isolation Forest ---
Anomalier detekterade: 0

--- Statistisk baslinje (z-score) ---
Statistiska anomalier: 0

============================================================

Resultat sparade i anomaly_detection_results.csv och anomaly_report.txt
2026-05-01 19:00:02 Genererar larm...
2026-05-01 19:00:02 Genererar larm...
2026-05-01 19:00:03,069 [INFO] Skrev 0 larm till active_alerts.json

Totalt 0 larm genererade
2026-05-01 19:00:03 Kör incidentrespons...
2026-05-01 19:00:03 Kör incidentrespons...
2026-05-01 19:00:03,166 [INFO] Behandlar larm: medium — {"event_count": 211, "avg_severity": 3.19, "unique_ips": 1, "anomaly_score": -0.008, "zscore": 2.14}
2026-05-01 19:00:03,166 [WARNING] LARM [MEDIUM]: Medium incident vid 2026-04-15 09:00:00+00:00: {'event_count': 211, 'avg_severity': 3.19, 'unique_ips': 1, 'anomaly_score': -0.008, 'zscore': 2.14}
2026-05-01 19:00:03,166 [INFO] Behandlar larm: high — {"event_count": 282, "avg_severity": 3.52, "unique_ips": 2, "anomaly_score": -0.1363, "zscore": 2.95}
2026-05-01 19:00:03,166 [WARNING] Hög anomali vid 2026-04-15 10:00:00+00:00: ingen src_ip — 282 händelser
2026-05-01 19:00:03,166 [WARNING] LARM [HIGH]: Hög incident vid 2026-04-15 10:00:00+00:00: {'event_count': 282, 'avg_severity': 3.52, 'unique_ips': 2, 'anomaly_score': -0.1363, 'zscore': 2.95}
2026-05-01 19:00:03,167 [INFO] Behandlar larm: critical — {"event_count": 960, "avg_severity": 3.74, "unique_ips": 3, "anomaly_score": -0.2183, "zscore": 10.64}
2026-05-01 19:00:03,167 [WARNING] Kritisk anomali vid 2026-04-15 13:00:00+00:00: ingen src_ip — 960 händelser, z=10.64
2026-05-01 19:00:03,167 [WARNING] ISOLERING: Agent agent@2026-04-15 13:00:00+00:00 — Kritisk anomali detekterad
2026-05-01 19:00:03,167 [WARNING] LARM [CRITICAL]: Kritisk incident vid 2026-04-15 13:00:00+00:00: {'event_count': 960, 'avg_severity': 3.74, 'unique_ips': 3, 'anomaly_score': -0.2183, 'zscore': 10.64}
2026-05-01 19:00:03,167 [INFO] Behandlar larm: high — {"event_count": 265, "avg_severity": 3.2, "unique_ips": 1, "anomaly_score": -0.0473, "zscore": 2.75}
2026-05-01 19:00:03,167 [WARNING] Hög anomali vid 2026-04-15 14:00:00+00:00: ingen src_ip — 265 händelser
2026-05-01 19:00:03,167 [WARNING] LARM [HIGH]: Hög incident vid 2026-04-15 14:00:00+00:00: {'event_count': 265, 'avg_severity': 3.2, 'unique_ips': 1, 'anomaly_score': -0.0473, 'zscore': 2.75}
Behandlar 4 larm...

Färdigt. 1 åtgärder vidtagna.
Se incident_log.json och incident_response.log för detaljer.
2026-05-01 19:00:03 === Pipeline klar ===
2026-05-01 19:00:03 === Pipeline klar ===
2026-05-01 20:00:01 === Pipeline startar ===
2026-05-01 20:00:01 === Pipeline startar ===
2026-05-01 20:00:01 Exporterar larmdata (senaste 2h)...
2026-05-01 20:00:01 Exporterar larmdata (senaste 2h)...
2026-05-01 20:00:01 Larm exporterade: 3
2026-05-01 20:00:01 Larm exporterade: 3
2026-05-01 20:00:01 För få larm (3) — hoppar över AI-analys denna körning
2026-05-01 20:00:01 För få larm (3) — hoppar över AI-analys denna körning
2026-05-01 20:00:01 === Pipeline avslutad (otillräcklig data) ===
2026-05-01 20:00:01 === Pipeline avslutad (otillräcklig data) ===
2026-05-01 21:00:01 === Pipeline startar ===
2026-05-01 21:00:01 === Pipeline startar ===
2026-05-01 21:00:01 Exporterar larmdata (senaste 2h)...
2026-05-01 21:00:01 Exporterar larmdata (senaste 2h)...
2026-05-01 21:00:01 Larm exporterade: 20
2026-05-01 21:00:01 Larm exporterade: 20
2026-05-01 21:00:01 Kör anomalidetektering...
2026-05-01 21:00:01 Kör anomalidetektering...
Laddar data från: /home/kristoffer/ais-2026/labb1-siem/ai-detection/pipeline_alerts.json...
Laddade: 20 händelser
Extraherade funktioner för 2 tidsperioder
============================================================
Anomalidetekteringsrapport
============================================================

Analyserad period: 2026-05-01 17:00:00+00:00 - 2026-05-01 18:00:00+00:00
Antal tidsperioder analyserade: 2

--- Isolation Forest ---
Anomalier detekterade: 0

--- Statistisk baslinje (z-score) ---
Statistiska anomalier: 0

============================================================

Resultat sparade i anomaly_detection_results.csv och anomaly_report.txt
2026-05-01 21:00:02 Genererar larm...
2026-05-01 21:00:02 Genererar larm...
2026-05-01 21:00:03,083 [INFO] Skrev 0 larm till active_alerts.json

Totalt 0 larm genererade
2026-05-01 21:00:03 Kör incidentrespons...
2026-05-01 21:00:03 Kör incidentrespons...
2026-05-01 21:00:03,200 [INFO] Behandlar larm: medium — {"event_count": 211, "avg_severity": 3.19, "unique_ips": 1, "anomaly_score": -0.008, "zscore": 2.14}
2026-05-01 21:00:03,200 [WARNING] LARM [MEDIUM]: Medium incident vid 2026-04-15 09:00:00+00:00: {'event_count': 211, 'avg_severity': 3.19, 'unique_ips': 1, 'anomaly_score': -0.008, 'zscore': 2.14}
2026-05-01 21:00:03,201 [INFO] Behandlar larm: high — {"event_count": 282, "avg_severity": 3.52, "unique_ips": 2, "anomaly_score": -0.1363, "zscore": 2.95}
2026-05-01 21:00:03,201 [WARNING] Hög anomali vid 2026-04-15 10:00:00+00:00: ingen src_ip — 282 händelser
2026-05-01 21:00:03,201 [WARNING] LARM [HIGH]: Hög incident vid 2026-04-15 10:00:00+00:00: {'event_count': 282, 'avg_severity': 3.52, 'unique_ips': 2, 'anomaly_score': -0.1363, 'zscore': 2.95}
2026-05-01 21:00:03,201 [INFO] Behandlar larm: critical — {"event_count": 960, "avg_severity": 3.74, "unique_ips": 3, "anomaly_score": -0.2183, "zscore": 10.64}
2026-05-01 21:00:03,201 [WARNING] Kritisk anomali vid 2026-04-15 13:00:00+00:00: ingen src_ip — 960 händelser, z=10.64
2026-05-01 21:00:03,201 [WARNING] ISOLERING: Agent agent@2026-04-15 13:00:00+00:00 — Kritisk anomali detekterad
2026-05-01 21:00:03,202 [WARNING] LARM [CRITICAL]: Kritisk incident vid 2026-04-15 13:00:00+00:00: {'event_count': 960, 'avg_severity': 3.74, 'unique_ips': 3, 'anomaly_score': -0.2183, 'zscore': 10.64}
2026-05-01 21:00:03,202 [INFO] Behandlar larm: high — {"event_count": 265, "avg_severity": 3.2, "unique_ips": 1, "anomaly_score": -0.0473, "zscore": 2.75}
2026-05-01 21:00:03,202 [WARNING] Hög anomali vid 2026-04-15 14:00:00+00:00: ingen src_ip — 265 händelser
2026-05-01 21:00:03,202 [WARNING] LARM [HIGH]: Hög incident vid 2026-04-15 14:00:00+00:00: {'event_count': 265, 'avg_severity': 3.2, 'unique_ips': 1, 'anomaly_score': -0.0473, 'zscore': 2.75}
Behandlar 4 larm...

Färdigt. 1 åtgärder vidtagna.
Se incident_log.json och incident_response.log för detaljer.
2026-05-01 21:00:03 === Pipeline klar ===
2026-05-01 21:00:03 === Pipeline klar ===
2026-05-01 22:00:01 === Pipeline startar ===
2026-05-01 22:00:01 === Pipeline startar ===
2026-05-01 22:00:01 Exporterar larmdata (senaste 2h)...
2026-05-01 22:00:01 Exporterar larmdata (senaste 2h)...
2026-05-01 22:00:01 Larm exporterade: 28
2026-05-01 22:00:01 Larm exporterade: 28
2026-05-01 22:00:01 Kör anomalidetektering...
2026-05-01 22:00:01 Kör anomalidetektering...
Laddar data från: /home/kristoffer/ais-2026/labb1-siem/ai-detection/pipeline_alerts.json...
Laddade: 28 händelser
Extraherade funktioner för 2 tidsperioder
============================================================
Anomalidetekteringsrapport
============================================================

Analyserad period: 2026-05-01 18:00:00+00:00 - 2026-05-01 19:00:00+00:00
Antal tidsperioder analyserade: 2

--- Isolation Forest ---
Anomalier detekterade: 0

--- Statistisk baslinje (z-score) ---
Statistiska anomalier: 0

============================================================

Resultat sparade i anomaly_detection_results.csv och anomaly_report.txt
2026-05-01 22:00:02 Genererar larm...
2026-05-01 22:00:02 Genererar larm...
2026-05-01 22:00:02,853 [INFO] Skrev 0 larm till active_alerts.json

Totalt 0 larm genererade
2026-05-01 22:00:02 Kör incidentrespons...
2026-05-01 22:00:02 Kör incidentrespons...
2026-05-01 22:00:02,968 [INFO] Behandlar larm: medium — {"event_count": 211, "avg_severity": 3.19, "unique_ips": 1, "anomaly_score": -0.008, "zscore": 2.14}
2026-05-01 22:00:02,968 [WARNING] LARM [MEDIUM]: Medium incident vid 2026-04-15 09:00:00+00:00: {'event_count': 211, 'avg_severity': 3.19, 'unique_ips': 1, 'anomaly_score': -0.008, 'zscore': 2.14}
2026-05-01 22:00:02,969 [INFO] Behandlar larm: high — {"event_count": 282, "avg_severity": 3.52, "unique_ips": 2, "anomaly_score": -0.1363, "zscore": 2.95}
2026-05-01 22:00:02,969 [WARNING] Hög anomali vid 2026-04-15 10:00:00+00:00: ingen src_ip — 282 händelser
2026-05-01 22:00:02,969 [WARNING] LARM [HIGH]: Hög incident vid 2026-04-15 10:00:00+00:00: {'event_count': 282, 'avg_severity': 3.52, 'unique_ips': 2, 'anomaly_score': -0.1363, 'zscore': 2.95}
2026-05-01 22:00:02,969 [INFO] Behandlar larm: critical — {"event_count": 960, "avg_severity": 3.74, "unique_ips": 3, "anomaly_score": -0.2183, "zscore": 10.64}
2026-05-01 22:00:02,969 [WARNING] Kritisk anomali vid 2026-04-15 13:00:00+00:00: ingen src_ip — 960 händelser, z=10.64
2026-05-01 22:00:02,969 [WARNING] ISOLERING: Agent agent@2026-04-15 13:00:00+00:00 — Kritisk anomali detekterad
2026-05-01 22:00:02,969 [WARNING] LARM [CRITICAL]: Kritisk incident vid 2026-04-15 13:00:00+00:00: {'event_count': 960, 'avg_severity': 3.74, 'unique_ips': 3, 'anomaly_score': -0.2183, 'zscore': 10.64}
2026-05-01 22:00:02,970 [INFO] Behandlar larm: high — {"event_count": 265, "avg_severity": 3.2, "unique_ips": 1, "anomaly_score": -0.0473, "zscore": 2.75}
2026-05-01 22:00:02,970 [WARNING] Hög anomali vid 2026-04-15 14:00:00+00:00: ingen src_ip — 265 händelser
2026-05-01 22:00:02,970 [WARNING] LARM [HIGH]: Hög incident vid 2026-04-15 14:00:00+00:00: {'event_count': 265, 'avg_severity': 3.2, 'unique_ips': 1, 'anomaly_score': -0.0473, 'zscore': 2.75}
Behandlar 4 larm...

Färdigt. 1 åtgärder vidtagna.
Se incident_log.json och incident_response.log för detaljer.
2026-05-01 22:00:02 === Pipeline klar ===
2026-05-01 22:00:02 === Pipeline klar ===
2026-05-01 23:00:01 === Pipeline startar ===
2026-05-01 23:00:01 === Pipeline startar ===
2026-05-01 23:00:01 Exporterar larmdata (senaste 2h)...
2026-05-01 23:00:01 Exporterar larmdata (senaste 2h)...
2026-05-01 23:00:01 Larm exporterade: 50
2026-05-01 23:00:01 Larm exporterade: 50
2026-05-01 23:00:01 Kör anomalidetektering...
2026-05-01 23:00:01 Kör anomalidetektering...
Laddar data från: /home/kristoffer/ais-2026/labb1-siem/ai-detection/pipeline_alerts.json...
Laddade: 50 händelser
Extraherade funktioner för 2 tidsperioder
============================================================
Anomalidetekteringsrapport
============================================================

Analyserad period: 2026-05-01 19:00:00+00:00 - 2026-05-01 20:00:00+00:00
Antal tidsperioder analyserade: 2

--- Isolation Forest ---
Anomalier detekterade: 0

--- Statistisk baslinje (z-score) ---
Statistiska anomalier: 0

============================================================

Resultat sparade i anomaly_detection_results.csv och anomaly_report.txt
2026-05-01 23:00:02 Genererar larm...
2026-05-01 23:00:02 Genererar larm...
2026-05-01 23:00:02,563 [INFO] Skrev 0 larm till active_alerts.json

Totalt 0 larm genererade
2026-05-01 23:00:02 Kör incidentrespons...
2026-05-01 23:00:02 Kör incidentrespons...
2026-05-01 23:00:02,716 [INFO] Behandlar larm: medium — {"event_count": 211, "avg_severity": 3.19, "unique_ips": 1, "anomaly_score": -0.008, "zscore": 2.14}
2026-05-01 23:00:02,716 [WARNING] LARM [MEDIUM]: Medium incident vid 2026-04-15 09:00:00+00:00: {'event_count': 211, 'avg_severity': 3.19, 'unique_ips': 1, 'anomaly_score': -0.008, 'zscore': 2.14}
2026-05-01 23:00:02,716 [INFO] Behandlar larm: high — {"event_count": 282, "avg_severity": 3.52, "unique_ips": 2, "anomaly_score": -0.1363, "zscore": 2.95}
2026-05-01 23:00:02,716 [WARNING] Hög anomali vid 2026-04-15 10:00:00+00:00: ingen src_ip — 282 händelser
2026-05-01 23:00:02,716 [WARNING] LARM [HIGH]: Hög incident vid 2026-04-15 10:00:00+00:00: {'event_count': 282, 'avg_severity': 3.52, 'unique_ips': 2, 'anomaly_score': -0.1363, 'zscore': 2.95}
2026-05-01 23:00:02,717 [INFO] Behandlar larm: critical — {"event_count": 960, "avg_severity": 3.74, "unique_ips": 3, "anomaly_score": -0.2183, "zscore": 10.64}
2026-05-01 23:00:02,717 [WARNING] Kritisk anomali vid 2026-04-15 13:00:00+00:00: ingen src_ip — 960 händelser, z=10.64
2026-05-01 23:00:02,717 [WARNING] ISOLERING: Agent agent@2026-04-15 13:00:00+00:00 — Kritisk anomali detekterad
2026-05-01 23:00:02,717 [WARNING] LARM [CRITICAL]: Kritisk incident vid 2026-04-15 13:00:00+00:00: {'event_count': 960, 'avg_severity': 3.74, 'unique_ips': 3, 'anomaly_score': -0.2183, 'zscore': 10.64}
2026-05-01 23:00:02,717 [INFO] Behandlar larm: high — {"event_count": 265, "avg_severity": 3.2, "unique_ips": 1, "anomaly_score": -0.0473, "zscore": 2.75}
2026-05-01 23:00:02,717 [WARNING] Hög anomali vid 2026-04-15 14:00:00+00:00: ingen src_ip — 265 händelser
2026-05-01 23:00:02,717 [WARNING] LARM [HIGH]: Hög incident vid 2026-04-15 14:00:00+00:00: {'event_count': 265, 'avg_severity': 3.2, 'unique_ips': 1, 'anomaly_score': -0.0473, 'zscore': 2.75}
Behandlar 4 larm...

Färdigt. 1 åtgärder vidtagna.
Se incident_log.json och incident_response.log för detaljer.
2026-05-01 23:00:02 === Pipeline klar ===
2026-05-01 23:00:02 === Pipeline klar ===
